Determining if the pthread_create exist failed with the following output:
Change Dir: /home/yinlei/catkin_ws/build/CMakeFiles/CMakeTmp

Run Build Command:"/usr/bin/make" "cmTC_207ae/fast"
/usr/bin/make -f CMakeFiles/cmTC_207ae.dir/build.make CMakeFiles/cmTC_207ae.dir/build
make[1]: 进入目录“/home/yinlei/catkin_ws/build/CMakeFiles/CMakeTmp”
Building C object CMakeFiles/cmTC_207ae.dir/CheckSymbolExists.c.o
/usr/bin/cc    -o CMakeFiles/cmTC_207ae.dir/CheckSymbolExists.c.o   -c /home/yinlei/catkin_ws/build/CMakeFiles/CMakeTmp/CheckSymbolExists.c
Linking C executable cmTC_207ae
/usr/bin/cmake -E cmake_link_script CMakeFiles/cmTC_207ae.dir/link.txt --verbose=1
/usr/bin/cc      -rdynamic CMakeFiles/cmTC_207ae.dir/CheckSymbolExists.c.o  -o cmTC_207ae 
CMakeFiles/cmTC_207ae.dir/CheckSymbolExists.c.o：在函数‘main’中：
CheckSymbolExists.c:(.text+0x1b)：对‘pthread_create’未定义的引用
collect2: error: ld returned 1 exit status
CMakeFiles/cmTC_207ae.dir/build.make:97: recipe for target 'cmTC_207ae' failed
make[1]: *** [cmTC_207ae] Error 1
make[1]: 离开目录“/home/yinlei/catkin_ws/build/CMakeFiles/CMakeTmp”
Makefile:126: recipe for target 'cmTC_207ae/fast' failed
make: *** [cmTC_207ae/fast] Error 2

File /home/yinlei/catkin_ws/build/CMakeFiles/CMakeTmp/CheckSymbolExists.c:
/* */
#include <pthread.h>

int main(int argc, char** argv)
{
  (void)argv;
#ifndef pthread_create
  return ((int*)(&pthread_create))[argc];
#else
  (void)argc;
  return 0;
#endif
}

Determining if the function pthread_create exists in the pthreads failed with the following output:
Change Dir: /home/yinlei/catkin_ws/build/CMakeFiles/CMakeTmp

Run Build Command:"/usr/bin/make" "cmTC_e1eb4/fast"
/usr/bin/make -f CMakeFiles/cmTC_e1eb4.dir/build.make CMakeFiles/cmTC_e1eb4.dir/build
make[1]: 进入目录“/home/yinlei/catkin_ws/build/CMakeFiles/CMakeTmp”
Building C object CMakeFiles/cmTC_e1eb4.dir/CheckFunctionExists.c.o
/usr/bin/cc   -DCHECK_FUNCTION_EXISTS=pthread_create   -o CMakeFiles/cmTC_e1eb4.dir/CheckFunctionExists.c.o   -c /usr/share/cmake-3.10/Modules/CheckFunctionExists.c
Linking C executable cmTC_e1eb4
/usr/bin/cmake -E cmake_link_script CMakeFiles/cmTC_e1eb4.dir/link.txt --verbose=1
/usr/bin/cc  -DCHECK_FUNCTION_EXISTS=pthread_create    -rdynamic CMakeFiles/cmTC_e1eb4.dir/CheckFunctionExists.c.o  -o cmTC_e1eb4 -lpthreads 
/usr/bin/ld: 找不到 -lpthreads
collect2: error: ld returned 1 exit status
CMakeFiles/cmTC_e1eb4.dir/build.make:97: recipe for target 'cmTC_e1eb4' failed
make[1]: *** [cmTC_e1eb4] Error 1
make[1]: 离开目录“/home/yinlei/catkin_ws/build/CMakeFiles/CMakeTmp”
Makefile:126: recipe for target 'cmTC_e1eb4/fast' failed
make: *** [cmTC_e1eb4/fast] Error 2


